<?xml version="1.0" encoding="UTF-8"?>
<testsuite xmlns:xsi="http://www.w3.org/2001/XMLSchema-instance" xsi:noNamespaceSchemaLocation="https://maven.apache.org/surefire/maven-surefire-plugin/xsd/surefire-test-report-3.0.xsd" version="3.0" name="com.GameBlackjack.blackjack.BlackjackApplicationTests" time="9.501" tests="1" errors="0" skipped="0" failures="0">
  <properties>
[...]
</properties>
  <testcase name="contextLoads" classname="com.GameBlackjack.blackjack.BlackjackApplicationTests" time="0.212">
    <system-out><![CDATA[20:54:28.994 [main] INFO org.springframework.test.context.support.AnnotationConfigContextLoaderUtils -- Could not detect default configuration classes for test class [com.GameBlackjack.blackjack.BlackjackApplicationTests]: BlackjackApplicationTests does not declare any static, non-private, non-final, nested classes annotated with @Configuration.
20:54:29.129 [main] INFO org.springframework.boot.test.context.SpringBootTestContextBootstrapper -- Found @SpringBootConfiguration com.GameBlackjack.blackjack.BlackjackApplication for test class com.GameBlackjack.blackjack.BlackjackApplicationTests
20:54:29.265 [main] INFO org.springframework.boot.devtools.restart.RestartApplicationListener -- Restart disabled due to context in which it is running

  .   ____          _            __ _ _
 /\\ / ___'_ __ _ _(_)_ __  __ _ \ \ \ \
( ( )\___ | '_ | '_| | '_ \/ _` | \ \ \ \
 \\/  ___)| |_)| | | | | || (_| |  ) ) ) )
  '  |____| .__|_| |_|_| |_\__, | / / / /
 =========|_|==============|___/=/_/_/_/

 :: Spring Boot ::                (v3.3.2)

2024-08-14T20:54:29.698+02:00  INFO 13635 --- [blackjack] [           main] c.G.blackjack.BlackjackApplicationTests  : Starting BlackjackApplicationTests using Java 22.0.2 with PID 13635 (started by Ares in /Users/Ares/IdeaProjects/ItAcademy2024/Game_BlackJack_Api/blackjack)
2024-08-14T20:54:29.701+02:00  INFO 13635 --- [blackjack] [           main] c.G.blackjack.BlackjackApplicationTests  : No active profile set, falling back to 1 default profile: "default"
2024-08-14T20:54:30.984+02:00  INFO 13635 --- [blackjack] [           main] .s.d.r.c.RepositoryConfigurationDelegate : Multiple Spring Data modules found, entering strict repository configuration mode
2024-08-14T20:54:30.986+02:00  INFO 13635 --- [blackjack] [           main] .s.d.r.c.RepositoryConfigurationDelegate : Bootstrapping Spring Data JPA repositories in DEFAULT mode.
2024-08-14T20:54:31.021+02:00  INFO 13635 --- [blackjack] [           main] .RepositoryConfigurationExtensionSupport : Spring Data JPA - Could not safely identify store assignment for repository candidate interface com.GameBlackjack.blackjack.repository.GameRepository; If you want this repository to be a JPA repository, consider annotating your entities with one of these annotations: jakarta.persistence.Entity, jakarta.persistence.MappedSuperclass (preferred), or consider extending one of the following types with your repository: org.springframework.data.jpa.repository.JpaRepository
2024-08-14T20:54:31.094+02:00  INFO 13635 --- [blackjack] [           main] .s.d.r.c.RepositoryConfigurationDelegate : Finished Spring Data repository scanning in 101 ms. Found 1 JPA repository interface.
2024-08-14T20:54:31.095+02:00  INFO 13635 --- [blackjack] [           main] .s.d.r.c.RepositoryConfigurationDelegate : Multiple Spring Data modules found, entering strict repository configuration mode
2024-08-14T20:54:31.095+02:00  INFO 13635 --- [blackjack] [           main] .s.d.r.c.RepositoryConfigurationDelegate : Bootstrapping Spring Data Reactive MongoDB repositories in DEFAULT mode.
2024-08-14T20:54:31.102+02:00  INFO 13635 --- [blackjack] [           main] .RepositoryConfigurationExtensionSupport : Spring Data Reactive MongoDB - Could not safely identify store assignment for repository candidate interface com.GameBlackjack.blackjack.repository.PlayerRepository; If you want this repository to be a Reactive MongoDB repository, consider annotating your entities with one of these annotations: org.springframework.data.mongodb.core.mapping.Document (preferred), or consider extending one of the following types with your repository: org.springframework.data.mongodb.repository.ReactiveMongoRepository
2024-08-14T20:54:31.104+02:00  INFO 13635 --- [blackjack] [           main] .s.d.r.c.RepositoryConfigurationDelegate : Finished Spring Data repository scanning in 8 ms. Found 1 Reactive MongoDB repository interface.
2024-08-14T20:54:32.852+02:00  INFO 13635 --- [blackjack] [           main] o.hibernate.jpa.internal.util.LogHelper  : HHH000204: Processing PersistenceUnitInfo [name: default]
2024-08-14T20:54:32.891+02:00  INFO 13635 --- [blackjack] [           main] org.hibernate.Version                    : HHH000412: Hibernate ORM core version 6.5.2.Final
2024-08-14T20:54:32.913+02:00  INFO 13635 --- [blackjack] [           main] o.h.c.internal.RegionFactoryInitiator    : HHH000026: Second-level cache disabled
2024-08-14T20:54:33.158+02:00  INFO 13635 --- [blackjack] [           main] o.s.o.j.p.SpringPersistenceUnitInfo      : No LoadTimeWeaver setup: ignoring JPA class transformer
2024-08-14T20:54:33.200+02:00  INFO 13635 --- [blackjack] [           main] com.zaxxer.hikari.HikariDataSource       : HikariPool-1 - Starting...
2024-08-14T20:54:33.675+02:00  INFO 13635 --- [blackjack] [           main] com.zaxxer.hikari.pool.HikariPool        : HikariPool-1 - Added connection com.mysql.cj.jdbc.ConnectionImpl@11ee671f
2024-08-14T20:54:33.678+02:00  INFO 13635 --- [blackjack] [           main] com.zaxxer.hikari.HikariDataSource       : HikariPool-1 - Start completed.
2024-08-14T20:54:33.725+02:00  WARN 13635 --- [blackjack] [           main] org.hibernate.dialect.Dialect            : HHH000511: The 5.7.39 version for [org.hibernate.dialect.MySQLDialect] is no longer supported, hence certain features may not work properly. The minimum supported version is 8.0.0. Check the community dialects project for available legacy versions.
2024-08-14T20:54:34.867+02:00  INFO 13635 --- [blackjack] [           main] o.h.e.t.j.p.i.JtaPlatformInitiator       : HHH000489: No JTA platform available (set 'hibernate.transaction.jta.platform' to enable JTA platform integration)
2024-08-14T20:54:34.912+02:00  INFO 13635 --- [blackjack] [           main] j.LocalContainerEntityManagerFactoryBean : Initialized JPA EntityManagerFactory for persistence unit 'default'
2024-08-14T20:54:35.482+02:00  INFO 13635 --- [blackjack] [           main] org.mongodb.driver.client                : MongoClient with metadata {"driver": {"name": "mongo-java-driver|reactive-streams|spring-boot", "version": "5.0.1"}, "os": {"type": "Darwin", "name": "Mac OS X", "architecture": "x86_64", "version": "14.5"}, "platform": "Java/Homebrew/22.0.2"} created with settings MongoClientSettings{readPreference=primary, writeConcern=WriteConcern{w=null, wTimeout=null ms, journal=null}, retryWrites=true, retryReads=true, readConcern=ReadConcern{level=null}, credential=null, transportSettings=NettyTransportSettings{eventLoopGroup=io.netty.channel.nio.NioEventLoopGroup@76ea1cb5, socketChannelClass=null, allocator=null, sslContext=null}, commandListeners=[io.micrometer.core.instrument.binder.mongodb.MongoMetricsCommandListener@6079d219], codecRegistry=ProvidersCodecRegistry{codecProviders=[ValueCodecProvider{}, BsonValueCodecProvider{}, DBRefCodecProvider{}, DBObjectCodecProvider{}, DocumentCodecProvider{}, CollectionCodecProvider{}, IterableCodecProvider{}, MapCodecProvider{}, GeoJsonCodecProvider{}, GridFSFileCodecProvider{}, Jsr310CodecProvider{}, JsonObjectCodecProvider{}, BsonCodecProvider{}, EnumCodecProvider{}, com.mongodb.client.model.mql.ExpressionCodecProvider@4ebd0b52, com.mongodb.Jep395RecordCodecProvider@65a01901, com.mongodb.KotlinCodecProvider@110f66e3]}, loggerSettings=LoggerSettings{maxDocumentLength=1000}, clusterSettings={hosts=[localhost:27017], srvServiceName=mongodb, mode=SINGLE, requiredClusterType=UNKNOWN, requiredReplicaSetName='null', serverSelector='null', clusterListeners='[]', serverSelectionTimeout='30000 ms', localThreshold='15 ms'}, socketSettings=SocketSettings{connectTimeoutMS=10000, readTimeoutMS=0, receiveBufferSize=0, proxySettings=ProxySettings{host=null, port=null, username=null, password=null}}, heartbeatSocketSettings=SocketSettings{connectTimeoutMS=10000, readTimeoutMS=10000, receiveBufferSize=0, proxySettings=ProxySettings{host=null, port=null, username=null, password=null}}, connectionPoolSettings=ConnectionPoolSettings{maxSize=100, minSize=0, maxWaitTimeMS=120000, maxConnectionLifeTimeMS=0, maxConnectionIdleTimeMS=0, maintenanceInitialDelayMS=0, maintenanceFrequencyMS=60000, connectionPoolListeners=[io.micrometer.core.instrument.binder.mongodb.MongoMetricsConnectionPoolListener@16422f27], maxConnecting=2}, serverSettings=ServerSettings{heartbeatFrequencyMS=10000, minHeartbeatFrequencyMS=500, serverListeners='[]', serverMonitorListeners='[]'}, sslSettings=SslSettings{enabled=false, invalidHostNameAllowed=false, context=null}, applicationName='null', compressorList=[], uuidRepresentation=JAVA_LEGACY, serverApi=null, autoEncryptionSettings=null, dnsClient=null, inetAddressResolver=null, contextProvider=null}
2024-08-14T20:54:35.611+02:00  INFO 13635 --- [blackjack] [localhost:27017] org.mongodb.driver.cluster               : Monitor thread successfully connected to server with description ServerDescription{address=localhost:27017, type=STANDALONE, state=CONNECTED, ok=true, minWireVersion=0, maxWireVersion=17, maxDocumentSize=16777216, logicalSessionTimeoutMinutes=30, roundTripTimeNanos=67467625}
2024-08-14T20:54:36.412+02:00  INFO 13635 --- [blackjack] [           main] ctiveUserDetailsServiceAutoConfiguration : 

Using generated security password: 3c6a279e-1696-4acd-af9d-f0a2da2f211b

2024-08-14T20:54:37.061+02:00  INFO 13635 --- [blackjack] [           main] o.s.b.a.e.web.EndpointLinksResolver      : Exposing 1 endpoint beneath base path '/actuator'
2024-08-14T20:54:38.053+02:00  INFO 13635 --- [blackjack] [           main] c.G.blackjack.BlackjackApplicationTests  : Started BlackjackApplicationTests in 8.795 seconds (process running for 10.243)
]]></system-out>
    <system-err><![CDATA[ago 14, 2024 8:54:28 P. M. org.junit.jupiter.engine.descriptor.JupiterTestDescriptor lambda$getTags$1
ADVERTENCIA: Configuration error: invalid tag syntax in @Tag("ControllerTest Get All Players") declaration on [public void com.GameBlackjack.blackjack.controller.PlayerControllerTest.testGetAllPlayers()]. Tag will be ignored.
ago 14, 2024 8:54:28 P. M. org.junit.jupiter.engine.descriptor.JupiterTestDescriptor lambda$getTags$1
ADVERTENCIA: Configuration error: invalid tag syntax in @Tag("SavePlayer Controller Test") declaration on [public void com.GameBlackjack.blackjack.controller.PlayerControllerTest.testSavePlayer()]. Tag will be ignored.
ago 14, 2024 8:54:28 P. M. org.junit.jupiter.engine.descriptor.JupiterTestDescriptor lambda$getTags$1
ADVERTENCIA: Configuration error: invalid tag syntax in @Tag("ControllerTest Get All Players") declaration on [public void com.GameBlackjack.blackjack.controller.PlayerControllerTest.testGetAllPlayers()]. Tag will be ignored.
ago 14, 2024 8:54:28 P. M. org.junit.jupiter.engine.descriptor.JupiterTestDescriptor lambda$getTags$1
ADVERTENCIA: Configuration error: invalid tag syntax in @Tag("SavePlayer Controller Test") declaration on [public void com.GameBlackjack.blackjack.controller.PlayerControllerTest.testSavePlayer()]. Tag will be ignored.
]]></system-err>
  </testcase>
</testsuite>